<?xml version="1.0" encoding="UTF-8"?>
<testng-results ignored="0" total="3" passed="2" failed="1" skipped="0">
  <reporter-output>
  </reporter-output>
  <suite started-at="2022-05-20T16:31:23 EDT" name="Default suite" finished-at="2022-05-20T16:32:39 EDT" duration-ms="75779">
    <groups>
    </groups>
    <test started-at="2022-05-20T16:31:23 EDT" name="Default test" finished-at="2022-05-20T16:32:39 EDT" duration-ms="75779">
      <class name="tests.LoginTest">
        <test-method is-config="true" signature="beforeMethod()[pri:0, instance:tests.LoginTest@20d28811]" started-at="2022-05-20T16:31:23 EDT" name="beforeMethod" finished-at="2022-05-20T16:31:29 EDT" duration-ms="5315" status="PASS">
          <reporter-output>
          </reporter-output>
        </test-method> <!-- beforeMethod -->
        <test-method signature="loginwithWrongIDWrongPass()[pri:1, instance:tests.LoginTest@20d28811]" started-at="2022-05-20T16:31:29 EDT" name="loginwithWrongIDWrongPass" finished-at="2022-05-20T16:31:50 EDT" duration-ms="21179" status="FAIL">
          <exception class="java.lang.AssertionError">
            <message>
              <![CDATA[expected [Sorry, your login entry doesn't match our records. Please try again.Forgot your username or password?] but found [This should be working, but something's gone wrong. Please try again soon. [500.GENERIC]]]]>
            </message>
            <full-stacktrace>
              <![CDATA[java.lang.AssertionError: expected [Sorry, your login entry doesn't match our records. Please try again.Forgot your username or password?] but found [This should be working, but something's gone wrong. Please try again soon. [500.GENERIC]]
at org.testng.Assert.fail(Assert.java:110)
at org.testng.Assert.failNotEquals(Assert.java:1413)
at org.testng.Assert.assertEqualsImpl(Assert.java:149)
at org.testng.Assert.assertEquals(Assert.java:131)
at org.testng.Assert.assertEquals(Assert.java:655)
at org.testng.Assert.assertEquals(Assert.java:665)
at tests.LoginTest.loginwithWrongIDWrongPass(LoginTest.java:38)
at java.base/jdk.internal.reflect.DirectMethodHandleAccessor.invoke(DirectMethodHandleAccessor.java:104)
at java.base/java.lang.reflect.Method.invoke(Method.java:577)
at org.testng.internal.invokers.MethodInvocationHelper.invokeMethod(MethodInvocationHelper.java:135)
at org.testng.internal.invokers.TestInvoker.invokeMethod(TestInvoker.java:673)
at org.testng.internal.invokers.TestInvoker.invokeTestMethod(TestInvoker.java:220)
at org.testng.internal.invokers.MethodRunner.runInSequence(MethodRunner.java:50)
at org.testng.internal.invokers.TestInvoker$MethodInvocationAgent.invoke(TestInvoker.java:945)
at org.testng.internal.invokers.TestInvoker.invokeTestMethods(TestInvoker.java:193)
at org.testng.internal.invokers.TestMethodWorker.invokeTestMethods(TestMethodWorker.java:146)
at org.testng.internal.invokers.TestMethodWorker.run(TestMethodWorker.java:128)
at java.base/java.util.ArrayList.forEach(ArrayList.java:1511)
at org.testng.TestRunner.privateRun(TestRunner.java:808)
at org.testng.TestRunner.run(TestRunner.java:603)
at org.testng.SuiteRunner.runTest(SuiteRunner.java:429)
at org.testng.SuiteRunner.runSequentially(SuiteRunner.java:423)
at org.testng.SuiteRunner.privateRun(SuiteRunner.java:383)
at org.testng.SuiteRunner.run(SuiteRunner.java:326)
at org.testng.SuiteRunnerWorker.runSuite(SuiteRunnerWorker.java:52)
at org.testng.SuiteRunnerWorker.run(SuiteRunnerWorker.java:95)
at org.testng.TestNG.runSuitesSequentially(TestNG.java:1249)
at org.testng.TestNG.runSuitesLocally(TestNG.java:1169)
at org.testng.TestNG.runSuites(TestNG.java:1092)
at org.testng.TestNG.run(TestNG.java:1060)
at org.testng.remote.AbstractRemoteTestNG.run(AbstractRemoteTestNG.java:115)
at org.testng.remote.RemoteTestNG.initAndRun(RemoteTestNG.java:251)
at org.testng.remote.RemoteTestNG.main(RemoteTestNG.java:77)
]]>
            </full-stacktrace>
          </exception> <!-- java.lang.AssertionError -->
          <reporter-output>
          </reporter-output>
        </test-method> <!-- loginwithWrongIDWrongPass -->
        <test-method is-config="true" signature="afterMethod()[pri:0, instance:tests.LoginTest@20d28811]" started-at="2022-05-20T16:31:50 EDT" name="afterMethod" finished-at="2022-05-20T16:31:50 EDT" duration-ms="532" status="PASS">
          <reporter-output>
          </reporter-output>
        </test-method> <!-- afterMethod -->
        <test-method is-config="true" signature="beforeMethod()[pri:0, instance:tests.LoginTest@20d28811]" started-at="2022-05-20T16:31:50 EDT" name="beforeMethod" finished-at="2022-05-20T16:31:53 EDT" duration-ms="2799" status="PASS">
          <reporter-output>
          </reporter-output>
        </test-method> <!-- beforeMethod -->
        <test-method signature="loginemptyEmail()[pri:2, instance:tests.LoginTest@20d28811]" started-at="2022-05-20T16:31:53 EDT" name="loginemptyEmail" finished-at="2022-05-20T16:32:14 EDT" duration-ms="21012" status="PASS">
          <reporter-output>
          </reporter-output>
        </test-method> <!-- loginemptyEmail -->
        <test-method is-config="true" signature="afterMethod()[pri:0, instance:tests.LoginTest@20d28811]" started-at="2022-05-20T16:32:14 EDT" name="afterMethod" finished-at="2022-05-20T16:32:15 EDT" duration-ms="521" status="PASS">
          <reporter-output>
          </reporter-output>
        </test-method> <!-- afterMethod -->
        <test-method is-config="true" signature="beforeMethod()[pri:0, instance:tests.LoginTest@20d28811]" started-at="2022-05-20T16:32:15 EDT" name="beforeMethod" finished-at="2022-05-20T16:32:18 EDT" duration-ms="2806" status="PASS">
          <reporter-output>
          </reporter-output>
        </test-method> <!-- beforeMethod -->
        <test-method signature="loginemptypass()[pri:3, instance:tests.LoginTest@20d28811]" started-at="2022-05-20T16:32:18 EDT" name="loginemptypass" finished-at="2022-05-20T16:32:39 EDT" duration-ms="21059" status="PASS">
          <reporter-output>
          </reporter-output>
        </test-method> <!-- loginemptypass -->
        <test-method is-config="true" signature="afterMethod()[pri:0, instance:tests.LoginTest@20d28811]" started-at="2022-05-20T16:32:39 EDT" name="afterMethod" finished-at="2022-05-20T16:32:39 EDT" duration-ms="508" status="PASS">
          <reporter-output>
          </reporter-output>
        </test-method> <!-- afterMethod -->
      </class> <!-- tests.LoginTest -->
    </test> <!-- Default test -->
  </suite> <!-- Default suite -->
</testng-results>
